[0m16:13:12.452698 [debug] [MainThread]: Sending event: {'category': 'dbt', 'action': 'invocation', 'label': 'start', 'context': [<snowplow_tracker.self_describing_json.SelfDescribingJson object at 0x1075a3990>, <snowplow_tracker.self_describing_json.SelfDescribingJson object at 0x10649b210>, <snowplow_tracker.self_describing_json.SelfDescribingJson object at 0x107599a50>]}


============================== 16:13:12.455161 | b7e3650f-71ac-493c-a22a-42eef3f0ba28 ==============================
[0m16:13:12.455161 [info ] [MainThread]: Running with dbt=1.7.7
[0m16:13:12.455514 [debug] [MainThread]: running dbt with arguments {'printer_width': '80', 'indirect_selection': 'eager', 'write_json': 'True', 'log_cache_events': 'False', 'partial_parse': 'True', 'cache_selected_only': 'False', 'warn_error': 'None', 'fail_fast': 'False', 'version_check': 'True', 'log_path': '/Users/liorkaufman/Desktop/personal_project/dbt_duckdb_kaggle_data_sets/logs', 'profiles_dir': '/Users/liorkaufman/.dbt', 'debug': 'False', 'use_colors': 'True', 'use_experimental_parser': 'False', 'no_print': 'None', 'quiet': 'False', 'log_format': 'default', 'static_parser': 'True', 'introspect': 'True', 'warn_error_options': 'WarnErrorOptions(include=[], exclude=[])', 'target_path': 'None', 'invocation_command': 'dbt run', 'send_anonymous_usage_stats': 'True'}
[0m16:13:12.597611 [debug] [MainThread]: Sending event: {'category': 'dbt', 'action': 'project_id', 'label': 'b7e3650f-71ac-493c-a22a-42eef3f0ba28', 'context': [<snowplow_tracker.self_describing_json.SelfDescribingJson object at 0x107a57a10>]}
[0m16:13:12.653507 [debug] [MainThread]: Sending event: {'category': 'dbt', 'action': 'adapter_info', 'label': 'b7e3650f-71ac-493c-a22a-42eef3f0ba28', 'context': [<snowplow_tracker.self_describing_json.SelfDescribingJson object at 0x1075a0390>]}
[0m16:13:12.654325 [info ] [MainThread]: Registered adapter: duckdb=1.7.1
[0m16:13:12.665077 [debug] [MainThread]: checksum: 54188551c516f4dd1c42b8d9c289f2bf49f18ae42632e2ba36a64ad29fd60da4, vars: {}, profile: , target: , version: 1.7.7
[0m16:13:12.686387 [debug] [MainThread]: Partial parsing enabled: 0 files deleted, 0 files added, 0 files changed.
[0m16:13:12.686636 [debug] [MainThread]: Partial parsing enabled, no changes found, skipping parsing
[0m16:13:12.689455 [debug] [MainThread]: Sending event: {'category': 'dbt', 'action': 'load_project', 'label': 'b7e3650f-71ac-493c-a22a-42eef3f0ba28', 'context': [<snowplow_tracker.self_describing_json.SelfDescribingJson object at 0x1075c4750>]}
[0m16:13:12.694752 [debug] [MainThread]: Sending event: {'category': 'dbt', 'action': 'resource_counts', 'label': 'b7e3650f-71ac-493c-a22a-42eef3f0ba28', 'context': [<snowplow_tracker.self_describing_json.SelfDescribingJson object at 0x107baac90>]}
[0m16:13:12.695007 [info ] [MainThread]: Found 3 models, 1 seed, 4 tests, 0 sources, 0 exposures, 0 metrics, 505 macros, 0 groups, 0 semantic models
[0m16:13:12.695214 [debug] [MainThread]: Sending event: {'category': 'dbt', 'action': 'runnable_timing', 'label': 'b7e3650f-71ac-493c-a22a-42eef3f0ba28', 'context': [<snowplow_tracker.self_describing_json.SelfDescribingJson object at 0x102e39290>]}
[0m16:13:12.696154 [info ] [MainThread]: 
[0m16:13:12.696564 [debug] [MainThread]: Acquiring new duckdb connection 'master'
[0m16:13:12.697178 [debug] [ThreadPool]: Acquiring new duckdb connection 'list_dev'
[0m16:13:12.702360 [debug] [ThreadPool]: Using duckdb connection "list_dev"
[0m16:13:12.702553 [debug] [ThreadPool]: On list_dev: /* {"app": "dbt", "dbt_version": "1.7.7", "profile_name": "kaggle_datasets_duckdb", "target_name": "dev", "connection_name": "list_dev"} */

    
    select schema_name
    from system.information_schema.schemata
    
    where catalog_name = '"dev"'
    
  
  
[0m16:13:12.702720 [debug] [ThreadPool]: Opening a new connection, currently in state init
[0m16:13:12.707341 [debug] [ThreadPool]: SQL status: OK in 0.0 seconds
[0m16:13:12.708138 [debug] [ThreadPool]: On list_dev: Close
[0m16:13:12.709396 [debug] [ThreadPool]: Re-using an available connection from the pool (formerly list_dev, now create_dev_main)
[0m16:13:12.709718 [debug] [ThreadPool]: Creating schema "database: "dev"
schema: "main"
"
[0m16:13:12.712759 [debug] [ThreadPool]: Using duckdb connection "create_dev_main"
[0m16:13:12.712981 [debug] [ThreadPool]: On create_dev_main: /* {"app": "dbt", "dbt_version": "1.7.7", "profile_name": "kaggle_datasets_duckdb", "target_name": "dev", "connection_name": "create_dev_main"} */

    
        select type from duckdb_databases()
        where database_name='dev'
        and type='sqlite'
    
  
[0m16:13:12.713152 [debug] [ThreadPool]: Opening a new connection, currently in state closed
[0m16:13:12.716096 [debug] [ThreadPool]: SQL status: OK in 0.0 seconds
[0m16:13:12.717072 [debug] [ThreadPool]: Using duckdb connection "create_dev_main"
[0m16:13:12.717333 [debug] [ThreadPool]: On create_dev_main: BEGIN
[0m16:13:12.717568 [debug] [ThreadPool]: SQL status: OK in 0.0 seconds
[0m16:13:12.717723 [debug] [ThreadPool]: Using duckdb connection "create_dev_main"
[0m16:13:12.717873 [debug] [ThreadPool]: On create_dev_main: /* {"app": "dbt", "dbt_version": "1.7.7", "profile_name": "kaggle_datasets_duckdb", "target_name": "dev", "connection_name": "create_dev_main"} */

    
    
        create schema if not exists "dev"."main"
    
[0m16:13:12.718100 [debug] [ThreadPool]: SQL status: OK in 0.0 seconds
[0m16:13:12.718525 [debug] [ThreadPool]: On create_dev_main: COMMIT
[0m16:13:12.718683 [debug] [ThreadPool]: Using duckdb connection "create_dev_main"
[0m16:13:12.718827 [debug] [ThreadPool]: On create_dev_main: COMMIT
[0m16:13:12.719013 [debug] [ThreadPool]: SQL status: OK in 0.0 seconds
[0m16:13:12.719163 [debug] [ThreadPool]: On create_dev_main: Close
[0m16:13:12.720891 [debug] [ThreadPool]: Re-using an available connection from the pool (formerly create_dev_main, now list_dev_main)
[0m16:13:12.723853 [debug] [ThreadPool]: Using duckdb connection "list_dev_main"
[0m16:13:12.724035 [debug] [ThreadPool]: On list_dev_main: BEGIN
[0m16:13:12.724195 [debug] [ThreadPool]: Opening a new connection, currently in state closed
[0m16:13:12.726475 [debug] [ThreadPool]: SQL status: OK in 0.0 seconds
[0m16:13:12.726648 [debug] [ThreadPool]: Using duckdb connection "list_dev_main"
[0m16:13:12.726823 [debug] [ThreadPool]: On list_dev_main: /* {"app": "dbt", "dbt_version": "1.7.7", "profile_name": "kaggle_datasets_duckdb", "target_name": "dev", "connection_name": "list_dev_main"} */
select
      'dev' as database,
      table_name as name,
      table_schema as schema,
      CASE table_type
        WHEN 'BASE TABLE' THEN 'table'
        WHEN 'VIEW' THEN 'view'
        WHEN 'LOCAL TEMPORARY' THEN 'table'
        END as type
    from system.information_schema.tables
    where table_schema = 'main'
    and table_catalog = 'dev'
  
[0m16:13:12.736279 [debug] [ThreadPool]: SQL status: OK in 0.0 seconds
[0m16:13:12.737325 [debug] [ThreadPool]: On list_dev_main: ROLLBACK
[0m16:13:12.738419 [debug] [ThreadPool]: Failed to rollback 'list_dev_main'
[0m16:13:12.738586 [debug] [ThreadPool]: On list_dev_main: Close
[0m16:13:12.740237 [debug] [MainThread]: Sending event: {'category': 'dbt', 'action': 'runnable_timing', 'label': 'b7e3650f-71ac-493c-a22a-42eef3f0ba28', 'context': [<snowplow_tracker.self_describing_json.SelfDescribingJson object at 0x105cfa710>]}
[0m16:13:12.740534 [debug] [MainThread]: Using duckdb connection "master"
[0m16:13:12.740705 [debug] [MainThread]: On master: BEGIN
[0m16:13:12.740866 [debug] [MainThread]: Opening a new connection, currently in state init
[0m16:13:12.743292 [debug] [MainThread]: SQL status: OK in 0.0 seconds
[0m16:13:12.743459 [debug] [MainThread]: On master: COMMIT
[0m16:13:12.743610 [debug] [MainThread]: Using duckdb connection "master"
[0m16:13:12.743757 [debug] [MainThread]: On master: COMMIT
[0m16:13:12.743916 [debug] [MainThread]: SQL status: OK in 0.0 seconds
[0m16:13:12.744058 [debug] [MainThread]: On master: Close
[0m16:13:12.745090 [info ] [MainThread]: Concurrency: 1 threads (target='dev')
[0m16:13:12.745306 [info ] [MainThread]: 
[0m16:13:12.746781 [debug] [Thread-1 (]: Began running node model.kaggle_datasets_duckdb.my_first_dbt_model
[0m16:13:12.747066 [info ] [Thread-1 (]: 1 of 3 START sql table model main.my_first_dbt_model ........................... [RUN]
[0m16:13:12.747415 [debug] [Thread-1 (]: Re-using an available connection from the pool (formerly list_dev_main, now model.kaggle_datasets_duckdb.my_first_dbt_model)
[0m16:13:12.747600 [debug] [Thread-1 (]: Began compiling node model.kaggle_datasets_duckdb.my_first_dbt_model
[0m16:13:12.750879 [debug] [Thread-1 (]: Writing injected SQL for node "model.kaggle_datasets_duckdb.my_first_dbt_model"
[0m16:13:12.751343 [debug] [Thread-1 (]: Timing info for model.kaggle_datasets_duckdb.my_first_dbt_model (compile): 16:13:12.747714 => 16:13:12.751206
[0m16:13:12.751572 [debug] [Thread-1 (]: Began executing node model.kaggle_datasets_duckdb.my_first_dbt_model
[0m16:13:12.765977 [debug] [Thread-1 (]: Writing runtime sql for node "model.kaggle_datasets_duckdb.my_first_dbt_model"
[0m16:13:12.766399 [debug] [Thread-1 (]: Using duckdb connection "model.kaggle_datasets_duckdb.my_first_dbt_model"
[0m16:13:12.766593 [debug] [Thread-1 (]: On model.kaggle_datasets_duckdb.my_first_dbt_model: BEGIN
[0m16:13:12.766769 [debug] [Thread-1 (]: Opening a new connection, currently in state closed
[0m16:13:12.769185 [debug] [Thread-1 (]: SQL status: OK in 0.0 seconds
[0m16:13:12.769374 [debug] [Thread-1 (]: Using duckdb connection "model.kaggle_datasets_duckdb.my_first_dbt_model"
[0m16:13:12.769566 [debug] [Thread-1 (]: On model.kaggle_datasets_duckdb.my_first_dbt_model: /* {"app": "dbt", "dbt_version": "1.7.7", "profile_name": "kaggle_datasets_duckdb", "target_name": "dev", "node_id": "model.kaggle_datasets_duckdb.my_first_dbt_model"} */

  
    
    

    create  table
      "dev"."main"."my_first_dbt_model__dbt_tmp"
  
    as (
      /*
    Welcome to your first dbt model!
    Did you know that you can also configure models directly within SQL files?
    This will override configurations stated in dbt_project.yml

    Try changing "table" to "view" below
*/



with source_data as (

    select 1 as id
    union all
    select null as id

)

select *
from source_data

/*
    Uncomment the line below to remove records with null `id` values
*/

-- where id is not null
    );
  
  
[0m16:13:12.769961 [debug] [Thread-1 (]: SQL status: OK in 0.0 seconds
[0m16:13:12.772728 [debug] [Thread-1 (]: Using duckdb connection "model.kaggle_datasets_duckdb.my_first_dbt_model"
[0m16:13:12.772920 [debug] [Thread-1 (]: On model.kaggle_datasets_duckdb.my_first_dbt_model: /* {"app": "dbt", "dbt_version": "1.7.7", "profile_name": "kaggle_datasets_duckdb", "target_name": "dev", "node_id": "model.kaggle_datasets_duckdb.my_first_dbt_model"} */
alter table "dev"."main"."my_first_dbt_model" rename to "my_first_dbt_model__dbt_backup"
[0m16:13:12.773163 [debug] [Thread-1 (]: SQL status: OK in 0.0 seconds
[0m16:13:12.774549 [debug] [Thread-1 (]: Using duckdb connection "model.kaggle_datasets_duckdb.my_first_dbt_model"
[0m16:13:12.774727 [debug] [Thread-1 (]: On model.kaggle_datasets_duckdb.my_first_dbt_model: /* {"app": "dbt", "dbt_version": "1.7.7", "profile_name": "kaggle_datasets_duckdb", "target_name": "dev", "node_id": "model.kaggle_datasets_duckdb.my_first_dbt_model"} */
alter table "dev"."main"."my_first_dbt_model__dbt_tmp" rename to "my_first_dbt_model"
[0m16:13:12.774947 [debug] [Thread-1 (]: SQL status: OK in 0.0 seconds
[0m16:13:12.783605 [debug] [Thread-1 (]: On model.kaggle_datasets_duckdb.my_first_dbt_model: COMMIT
[0m16:13:12.783881 [debug] [Thread-1 (]: Using duckdb connection "model.kaggle_datasets_duckdb.my_first_dbt_model"
[0m16:13:12.784061 [debug] [Thread-1 (]: On model.kaggle_datasets_duckdb.my_first_dbt_model: COMMIT
[0m16:13:12.784510 [debug] [Thread-1 (]: SQL status: OK in 0.0 seconds
[0m16:13:12.786961 [debug] [Thread-1 (]: Using duckdb connection "model.kaggle_datasets_duckdb.my_first_dbt_model"
[0m16:13:12.787165 [debug] [Thread-1 (]: On model.kaggle_datasets_duckdb.my_first_dbt_model: /* {"app": "dbt", "dbt_version": "1.7.7", "profile_name": "kaggle_datasets_duckdb", "target_name": "dev", "node_id": "model.kaggle_datasets_duckdb.my_first_dbt_model"} */
drop table if exists "dev"."main"."my_first_dbt_model__dbt_backup" cascade
[0m16:13:12.787508 [debug] [Thread-1 (]: SQL status: OK in 0.0 seconds
[0m16:13:12.788169 [debug] [Thread-1 (]: Timing info for model.kaggle_datasets_duckdb.my_first_dbt_model (execute): 16:13:12.751696 => 16:13:12.788070
[0m16:13:12.788359 [debug] [Thread-1 (]: On model.kaggle_datasets_duckdb.my_first_dbt_model: Close
[0m16:13:12.790086 [debug] [Thread-1 (]: Sending event: {'category': 'dbt', 'action': 'run_model', 'label': 'b7e3650f-71ac-493c-a22a-42eef3f0ba28', 'context': [<snowplow_tracker.self_describing_json.SelfDescribingJson object at 0x107d81f50>]}
[0m16:13:12.790402 [info ] [Thread-1 (]: 1 of 3 OK created sql table model main.my_first_dbt_model ...................... [[32mOK[0m in 0.04s]
[0m16:13:12.790688 [debug] [Thread-1 (]: Finished running node model.kaggle_datasets_duckdb.my_first_dbt_model
[0m16:13:12.790899 [debug] [Thread-1 (]: Began running node model.kaggle_datasets_duckdb.stg_amazon_data
[0m16:13:12.791180 [info ] [Thread-1 (]: 2 of 3 START sql view model main.stg_amazon_data ............................... [RUN]
[0m16:13:12.791497 [debug] [Thread-1 (]: Re-using an available connection from the pool (formerly model.kaggle_datasets_duckdb.my_first_dbt_model, now model.kaggle_datasets_duckdb.stg_amazon_data)
[0m16:13:12.791678 [debug] [Thread-1 (]: Began compiling node model.kaggle_datasets_duckdb.stg_amazon_data
[0m16:13:12.798180 [debug] [Thread-1 (]: Writing injected SQL for node "model.kaggle_datasets_duckdb.stg_amazon_data"
[0m16:13:12.798611 [debug] [Thread-1 (]: Timing info for model.kaggle_datasets_duckdb.stg_amazon_data (compile): 16:13:12.791784 => 16:13:12.798503
[0m16:13:12.798799 [debug] [Thread-1 (]: Began executing node model.kaggle_datasets_duckdb.stg_amazon_data
[0m16:13:12.807119 [debug] [Thread-1 (]: Writing runtime sql for node "model.kaggle_datasets_duckdb.stg_amazon_data"
[0m16:13:12.807478 [debug] [Thread-1 (]: Using duckdb connection "model.kaggle_datasets_duckdb.stg_amazon_data"
[0m16:13:12.807666 [debug] [Thread-1 (]: On model.kaggle_datasets_duckdb.stg_amazon_data: BEGIN
[0m16:13:12.807834 [debug] [Thread-1 (]: Opening a new connection, currently in state closed
[0m16:13:12.810250 [debug] [Thread-1 (]: SQL status: OK in 0.0 seconds
[0m16:13:12.810434 [debug] [Thread-1 (]: Using duckdb connection "model.kaggle_datasets_duckdb.stg_amazon_data"
[0m16:13:12.810611 [debug] [Thread-1 (]: On model.kaggle_datasets_duckdb.stg_amazon_data: /* {"app": "dbt", "dbt_version": "1.7.7", "profile_name": "kaggle_datasets_duckdb", "target_name": "dev", "node_id": "model.kaggle_datasets_duckdb.stg_amazon_data"} */

  
  create view "dev"."main"."stg_amazon_data__dbt_tmp" as (
    select 
md5(cast(coalesce(cast(title as TEXT), '_dbt_utils_surrogate_key_null_') || '-' || coalesce(cast(price as TEXT), '_dbt_utils_surrogate_key_null_') as TEXT))as row_id,
*
 from "dev"."main"."amazon_data_2023"
  );

[0m16:13:12.810922 [debug] [Thread-1 (]: SQL status: OK in 0.0 seconds
[0m16:13:12.812356 [debug] [Thread-1 (]: Using duckdb connection "model.kaggle_datasets_duckdb.stg_amazon_data"
[0m16:13:12.812547 [debug] [Thread-1 (]: On model.kaggle_datasets_duckdb.stg_amazon_data: /* {"app": "dbt", "dbt_version": "1.7.7", "profile_name": "kaggle_datasets_duckdb", "target_name": "dev", "node_id": "model.kaggle_datasets_duckdb.stg_amazon_data"} */
alter view "dev"."main"."stg_amazon_data" rename to "stg_amazon_data__dbt_backup"
[0m16:13:12.812774 [debug] [Thread-1 (]: SQL status: OK in 0.0 seconds
[0m16:13:12.814340 [debug] [Thread-1 (]: Using duckdb connection "model.kaggle_datasets_duckdb.stg_amazon_data"
[0m16:13:12.814546 [debug] [Thread-1 (]: On model.kaggle_datasets_duckdb.stg_amazon_data: /* {"app": "dbt", "dbt_version": "1.7.7", "profile_name": "kaggle_datasets_duckdb", "target_name": "dev", "node_id": "model.kaggle_datasets_duckdb.stg_amazon_data"} */
alter view "dev"."main"."stg_amazon_data__dbt_tmp" rename to "stg_amazon_data"
[0m16:13:12.814812 [debug] [Thread-1 (]: SQL status: OK in 0.0 seconds
[0m16:13:12.815693 [debug] [Thread-1 (]: On model.kaggle_datasets_duckdb.stg_amazon_data: COMMIT
[0m16:13:12.815875 [debug] [Thread-1 (]: Using duckdb connection "model.kaggle_datasets_duckdb.stg_amazon_data"
[0m16:13:12.816039 [debug] [Thread-1 (]: On model.kaggle_datasets_duckdb.stg_amazon_data: COMMIT
[0m16:13:12.816390 [debug] [Thread-1 (]: SQL status: OK in 0.0 seconds
[0m16:13:12.817846 [debug] [Thread-1 (]: Using duckdb connection "model.kaggle_datasets_duckdb.stg_amazon_data"
[0m16:13:12.818039 [debug] [Thread-1 (]: On model.kaggle_datasets_duckdb.stg_amazon_data: /* {"app": "dbt", "dbt_version": "1.7.7", "profile_name": "kaggle_datasets_duckdb", "target_name": "dev", "node_id": "model.kaggle_datasets_duckdb.stg_amazon_data"} */
drop view if exists "dev"."main"."stg_amazon_data__dbt_backup" cascade
[0m16:13:12.818404 [debug] [Thread-1 (]: SQL status: OK in 0.0 seconds
[0m16:13:12.819076 [debug] [Thread-1 (]: Timing info for model.kaggle_datasets_duckdb.stg_amazon_data (execute): 16:13:12.798907 => 16:13:12.818980
[0m16:13:12.819294 [debug] [Thread-1 (]: On model.kaggle_datasets_duckdb.stg_amazon_data: Close
[0m16:13:12.820666 [debug] [Thread-1 (]: Sending event: {'category': 'dbt', 'action': 'run_model', 'label': 'b7e3650f-71ac-493c-a22a-42eef3f0ba28', 'context': [<snowplow_tracker.self_describing_json.SelfDescribingJson object at 0x107e01c10>]}
[0m16:13:12.820964 [info ] [Thread-1 (]: 2 of 3 OK created sql view model main.stg_amazon_data .......................... [[32mOK[0m in 0.03s]
[0m16:13:12.821255 [debug] [Thread-1 (]: Finished running node model.kaggle_datasets_duckdb.stg_amazon_data
[0m16:13:12.821473 [debug] [Thread-1 (]: Began running node model.kaggle_datasets_duckdb.my_second_dbt_model
[0m16:13:12.821710 [info ] [Thread-1 (]: 3 of 3 START sql view model main.my_second_dbt_model ........................... [RUN]
[0m16:13:12.822031 [debug] [Thread-1 (]: Re-using an available connection from the pool (formerly model.kaggle_datasets_duckdb.stg_amazon_data, now model.kaggle_datasets_duckdb.my_second_dbt_model)
[0m16:13:12.822219 [debug] [Thread-1 (]: Began compiling node model.kaggle_datasets_duckdb.my_second_dbt_model
[0m16:13:12.823398 [debug] [Thread-1 (]: Writing injected SQL for node "model.kaggle_datasets_duckdb.my_second_dbt_model"
[0m16:13:12.823741 [debug] [Thread-1 (]: Timing info for model.kaggle_datasets_duckdb.my_second_dbt_model (compile): 16:13:12.822328 => 16:13:12.823641
[0m16:13:12.823915 [debug] [Thread-1 (]: Began executing node model.kaggle_datasets_duckdb.my_second_dbt_model
[0m16:13:12.825869 [debug] [Thread-1 (]: Writing runtime sql for node "model.kaggle_datasets_duckdb.my_second_dbt_model"
[0m16:13:12.826174 [debug] [Thread-1 (]: Using duckdb connection "model.kaggle_datasets_duckdb.my_second_dbt_model"
[0m16:13:12.826349 [debug] [Thread-1 (]: On model.kaggle_datasets_duckdb.my_second_dbt_model: BEGIN
[0m16:13:12.826511 [debug] [Thread-1 (]: Opening a new connection, currently in state closed
[0m16:13:12.829210 [debug] [Thread-1 (]: SQL status: OK in 0.0 seconds
[0m16:13:12.829424 [debug] [Thread-1 (]: Using duckdb connection "model.kaggle_datasets_duckdb.my_second_dbt_model"
[0m16:13:12.829626 [debug] [Thread-1 (]: On model.kaggle_datasets_duckdb.my_second_dbt_model: /* {"app": "dbt", "dbt_version": "1.7.7", "profile_name": "kaggle_datasets_duckdb", "target_name": "dev", "node_id": "model.kaggle_datasets_duckdb.my_second_dbt_model"} */

  
  create view "dev"."main"."my_second_dbt_model__dbt_tmp" as (
    -- Use the `ref` function to select from other models

select *
from "dev"."main"."my_first_dbt_model"
where id = 1
  );

[0m16:13:12.829907 [debug] [Thread-1 (]: SQL status: OK in 0.0 seconds
[0m16:13:12.831475 [debug] [Thread-1 (]: Using duckdb connection "model.kaggle_datasets_duckdb.my_second_dbt_model"
[0m16:13:12.831681 [debug] [Thread-1 (]: On model.kaggle_datasets_duckdb.my_second_dbt_model: /* {"app": "dbt", "dbt_version": "1.7.7", "profile_name": "kaggle_datasets_duckdb", "target_name": "dev", "node_id": "model.kaggle_datasets_duckdb.my_second_dbt_model"} */
alter view "dev"."main"."my_second_dbt_model" rename to "my_second_dbt_model__dbt_backup"
[0m16:13:12.831942 [debug] [Thread-1 (]: SQL status: OK in 0.0 seconds
[0m16:13:12.833274 [debug] [Thread-1 (]: Using duckdb connection "model.kaggle_datasets_duckdb.my_second_dbt_model"
[0m16:13:12.833453 [debug] [Thread-1 (]: On model.kaggle_datasets_duckdb.my_second_dbt_model: /* {"app": "dbt", "dbt_version": "1.7.7", "profile_name": "kaggle_datasets_duckdb", "target_name": "dev", "node_id": "model.kaggle_datasets_duckdb.my_second_dbt_model"} */
alter view "dev"."main"."my_second_dbt_model__dbt_tmp" rename to "my_second_dbt_model"
[0m16:13:12.833666 [debug] [Thread-1 (]: SQL status: OK in 0.0 seconds
[0m16:13:12.834510 [debug] [Thread-1 (]: On model.kaggle_datasets_duckdb.my_second_dbt_model: COMMIT
[0m16:13:12.834682 [debug] [Thread-1 (]: Using duckdb connection "model.kaggle_datasets_duckdb.my_second_dbt_model"
[0m16:13:12.834843 [debug] [Thread-1 (]: On model.kaggle_datasets_duckdb.my_second_dbt_model: COMMIT
[0m16:13:12.835117 [debug] [Thread-1 (]: SQL status: OK in 0.0 seconds
[0m16:13:12.836295 [debug] [Thread-1 (]: Using duckdb connection "model.kaggle_datasets_duckdb.my_second_dbt_model"
[0m16:13:12.836473 [debug] [Thread-1 (]: On model.kaggle_datasets_duckdb.my_second_dbt_model: /* {"app": "dbt", "dbt_version": "1.7.7", "profile_name": "kaggle_datasets_duckdb", "target_name": "dev", "node_id": "model.kaggle_datasets_duckdb.my_second_dbt_model"} */
drop view if exists "dev"."main"."my_second_dbt_model__dbt_backup" cascade
[0m16:13:12.836726 [debug] [Thread-1 (]: SQL status: OK in 0.0 seconds
[0m16:13:12.837314 [debug] [Thread-1 (]: Timing info for model.kaggle_datasets_duckdb.my_second_dbt_model (execute): 16:13:12.824017 => 16:13:12.837218
[0m16:13:12.837491 [debug] [Thread-1 (]: On model.kaggle_datasets_duckdb.my_second_dbt_model: Close
[0m16:13:12.838823 [debug] [Thread-1 (]: Sending event: {'category': 'dbt', 'action': 'run_model', 'label': 'b7e3650f-71ac-493c-a22a-42eef3f0ba28', 'context': [<snowplow_tracker.self_describing_json.SelfDescribingJson object at 0x107bddf50>]}
[0m16:13:12.839089 [info ] [Thread-1 (]: 3 of 3 OK created sql view model main.my_second_dbt_model ...................... [[32mOK[0m in 0.02s]
[0m16:13:12.839355 [debug] [Thread-1 (]: Finished running node model.kaggle_datasets_duckdb.my_second_dbt_model
[0m16:13:12.839990 [debug] [MainThread]: Using duckdb connection "master"
[0m16:13:12.840142 [debug] [MainThread]: On master: BEGIN
[0m16:13:12.840279 [debug] [MainThread]: Opening a new connection, currently in state closed
[0m16:13:12.842542 [debug] [MainThread]: SQL status: OK in 0.0 seconds
[0m16:13:12.842703 [debug] [MainThread]: On master: COMMIT
[0m16:13:12.842848 [debug] [MainThread]: Using duckdb connection "master"
[0m16:13:12.842984 [debug] [MainThread]: On master: COMMIT
[0m16:13:12.843140 [debug] [MainThread]: SQL status: OK in 0.0 seconds
[0m16:13:12.843279 [debug] [MainThread]: On master: Close
[0m16:13:12.844107 [debug] [MainThread]: Connection 'master' was properly closed.
[0m16:13:12.844255 [debug] [MainThread]: Connection 'model.kaggle_datasets_duckdb.my_second_dbt_model' was properly closed.
[0m16:13:12.844423 [info ] [MainThread]: 
[0m16:13:12.844602 [info ] [MainThread]: Finished running 1 table model, 2 view models in 0 hours 0 minutes and 0.15 seconds (0.15s).
[0m16:13:12.844984 [debug] [MainThread]: Command end result
[0m16:13:12.875341 [info ] [MainThread]: 
[0m16:13:12.875633 [info ] [MainThread]: [32mCompleted successfully[0m
[0m16:13:12.875818 [info ] [MainThread]: 
[0m16:13:12.876002 [info ] [MainThread]: Done. PASS=3 WARN=0 ERROR=0 SKIP=0 TOTAL=3
[0m16:13:12.876868 [debug] [MainThread]: Resource report: {"command_name": "run", "command_success": true, "command_wall_clock_time": 0.4559773, "process_user_time": 1.172828, "process_kernel_time": 0.146601, "process_mem_max_rss": "143228928", "process_in_blocks": "0", "process_out_blocks": "0"}
[0m16:13:12.877143 [debug] [MainThread]: Command `dbt run` succeeded at 16:13:12.877083 after 0.46 seconds
[0m16:13:12.877341 [debug] [MainThread]: Sending event: {'category': 'dbt', 'action': 'invocation', 'label': 'end', 'context': [<snowplow_tracker.self_describing_json.SelfDescribingJson object at 0x100c41010>, <snowplow_tracker.self_describing_json.SelfDescribingJson object at 0x100bd7690>, <snowplow_tracker.self_describing_json.SelfDescribingJson object at 0x100c2de50>]}
[0m16:13:12.877525 [debug] [MainThread]: Flushing usage events
